<?xml version="1.0" encoding="UTF-8"?>
<testsuite name="com.example.billing.BillingApplicationTests" tests="1" skipped="1" failures="0" errors="0" timestamp="2018-07-13T12:54:42" hostname="MACPC270883.local" time="0.0">
  <properties/>
  <testcase name="contextLoads" classname="com.example.billing.BillingApplicationTests" time="0.0">
    <skipped/>
  </testcase>
  <system-out><![CDATA[18:24:41.923 [Test worker] DEBUG org.springframework.test.context.junit4.SpringJUnit4ClassRunner - SpringJUnit4ClassRunner constructor called with [class com.example.billing.BillingApplicationTests]
18:24:41.928 [Test worker] DEBUG org.springframework.test.context.BootstrapUtils - Instantiating CacheAwareContextLoaderDelegate from class [org.springframework.test.context.cache.DefaultCacheAwareContextLoaderDelegate]
18:24:41.935 [Test worker] DEBUG org.springframework.test.context.BootstrapUtils - Instantiating BootstrapContext using constructor [public org.springframework.test.context.support.DefaultBootstrapContext(java.lang.Class,org.springframework.test.context.CacheAwareContextLoaderDelegate)]
18:24:41.948 [Test worker] DEBUG org.springframework.test.context.BootstrapUtils - Instantiating TestContextBootstrapper for test class [com.example.billing.BillingApplicationTests] from class [org.springframework.boot.test.context.SpringBootTestContextBootstrapper]
18:24:41.959 [Test worker] INFO org.springframework.boot.test.context.SpringBootTestContextBootstrapper - Neither @ContextConfiguration nor @ContextHierarchy found for test class [com.example.billing.BillingApplicationTests], using SpringBootContextLoader
18:24:41.962 [Test worker] DEBUG org.springframework.test.context.support.AbstractContextLoader - Did not detect default resource location for test class [com.example.billing.BillingApplicationTests]: class path resource [com/example/billing/BillingApplicationTests-context.xml] does not exist
18:24:41.963 [Test worker] DEBUG org.springframework.test.context.support.AbstractContextLoader - Did not detect default resource location for test class [com.example.billing.BillingApplicationTests]: class path resource [com/example/billing/BillingApplicationTestsContext.groovy] does not exist
18:24:41.963 [Test worker] INFO org.springframework.test.context.support.AbstractContextLoader - Could not detect default resource locations for test class [com.example.billing.BillingApplicationTests]: no resource found for suffixes {-context.xml, Context.groovy}.
18:24:41.964 [Test worker] INFO org.springframework.test.context.support.AnnotationConfigContextLoaderUtils - Could not detect default configuration classes for test class [com.example.billing.BillingApplicationTests]: BillingApplicationTests does not declare any static, non-private, non-final, nested classes annotated with @Configuration.
18:24:42.002 [Test worker] DEBUG org.springframework.test.context.support.ActiveProfilesUtils - Could not find an 'annotation declaring class' for annotation type [org.springframework.test.context.ActiveProfiles] and class [com.example.billing.BillingApplicationTests]
18:24:42.048 [Test worker] DEBUG org.springframework.core.env.StandardEnvironment - Adding [systemProperties] PropertySource with lowest search precedence
18:24:42.049 [Test worker] DEBUG org.springframework.core.env.StandardEnvironment - Adding [systemEnvironment] PropertySource with lowest search precedence
18:24:42.049 [Test worker] DEBUG org.springframework.core.env.StandardEnvironment - Initialized StandardEnvironment with PropertySources [systemProperties,systemEnvironment]
18:24:42.059 [Test worker] DEBUG org.springframework.core.io.support.PathMatchingResourcePatternResolver - Resolved classpath location [com/example/billing/] to resources [URL [file:/Users/maclab/workspace/apps-cloud-native-evolution-code/applications/billing/build/classes/test/com/example/billing/], URL [file:/Users/maclab/workspace/apps-cloud-native-evolution-code/applications/billing/build/classes/main/com/example/billing/]]
18:24:42.059 [Test worker] DEBUG org.springframework.core.io.support.PathMatchingResourcePatternResolver - Looking for matching resources in directory tree [/Users/maclab/workspace/apps-cloud-native-evolution-code/applications/billing/build/classes/test/com/example/billing]
18:24:42.060 [Test worker] DEBUG org.springframework.core.io.support.PathMatchingResourcePatternResolver - Searching directory [/Users/maclab/workspace/apps-cloud-native-evolution-code/applications/billing/build/classes/test/com/example/billing] for files matching pattern [/Users/maclab/workspace/apps-cloud-native-evolution-code/applications/billing/build/classes/test/com/example/billing/*.class]
18:24:42.063 [Test worker] DEBUG org.springframework.core.io.support.PathMatchingResourcePatternResolver - Looking for matching resources in directory tree [/Users/maclab/workspace/apps-cloud-native-evolution-code/applications/billing/build/classes/main/com/example/billing]
18:24:42.063 [Test worker] DEBUG org.springframework.core.io.support.PathMatchingResourcePatternResolver - Searching directory [/Users/maclab/workspace/apps-cloud-native-evolution-code/applications/billing/build/classes/main/com/example/billing] for files matching pattern [/Users/maclab/workspace/apps-cloud-native-evolution-code/applications/billing/build/classes/main/com/example/billing/*.class]
18:24:42.069 [Test worker] DEBUG org.springframework.core.io.support.PathMatchingResourcePatternResolver - Resolved location pattern [classpath*:com/example/billing/*.class] to resources [file [/Users/maclab/workspace/apps-cloud-native-evolution-code/applications/billing/build/classes/test/com/example/billing/BillingApplicationTests.class], file [/Users/maclab/workspace/apps-cloud-native-evolution-code/applications/billing/build/classes/main/com/example/billing/BillingApplication.class], file [/Users/maclab/workspace/apps-cloud-native-evolution-code/applications/billing/build/classes/main/com/example/billing/BillingConsumer.class], file [/Users/maclab/workspace/apps-cloud-native-evolution-code/applications/billing/build/classes/main/com/example/billing/BillingController.class], file [/Users/maclab/workspace/apps-cloud-native-evolution-code/applications/billing/build/classes/main/com/example/billing/BillingMessage.class]]
18:24:42.119 [Test worker] DEBUG org.springframework.context.annotation.ClassPathScanningCandidateComponentProvider - Identified candidate component class: file [/Users/maclab/workspace/apps-cloud-native-evolution-code/applications/billing/build/classes/main/com/example/billing/BillingApplication.class]
18:24:42.129 [Test worker] INFO org.springframework.boot.test.context.SpringBootTestContextBootstrapper - Found @SpringBootConfiguration com.example.billing.BillingApplication for test class com.example.billing.BillingApplicationTests
18:24:42.133 [Test worker] DEBUG org.springframework.boot.test.context.SpringBootTestContextBootstrapper - @TestExecutionListeners is not present for class [com.example.billing.BillingApplicationTests]: using defaults.
18:24:42.138 [Test worker] INFO org.springframework.boot.test.context.SpringBootTestContextBootstrapper - Loaded default TestExecutionListener class names from location [META-INF/spring.factories]: [org.springframework.boot.test.mock.mockito.MockitoTestExecutionListener, org.springframework.boot.test.mock.mockito.ResetMocksTestExecutionListener, org.springframework.boot.test.autoconfigure.restdocs.RestDocsTestExecutionListener, org.springframework.boot.test.autoconfigure.web.client.MockRestServiceServerResetTestExecutionListener, org.springframework.boot.test.autoconfigure.web.servlet.MockMvcPrintOnlyOnFailureTestExecutionListener, org.springframework.boot.test.autoconfigure.web.servlet.WebDriverTestExecutionListener, org.springframework.test.context.web.ServletTestExecutionListener, org.springframework.test.context.support.DirtiesContextBeforeModesTestExecutionListener, org.springframework.test.context.support.DependencyInjectionTestExecutionListener, org.springframework.test.context.support.DirtiesContextTestExecutionListener, org.springframework.test.context.transaction.TransactionalTestExecutionListener, org.springframework.test.context.jdbc.SqlScriptsTestExecutionListener]
18:24:42.160 [Test worker] INFO org.springframework.boot.test.context.SpringBootTestContextBootstrapper - Using TestExecutionListeners: [org.springframework.test.context.web.ServletTestExecutionListener@44f40f56, org.springframework.test.context.support.DirtiesContextBeforeModesTestExecutionListener@4ddc70d6, org.springframework.boot.test.autoconfigure.SpringBootDependencyInjectionTestExecutionListener@1dc449e, org.springframework.test.context.support.DirtiesContextTestExecutionListener@72941f85, org.springframework.test.context.transaction.TransactionalTestExecutionListener@167e303e, org.springframework.test.context.jdbc.SqlScriptsTestExecutionListener@388ab8e7, org.springframework.boot.test.autoconfigure.web.servlet.MockMvcPrintOnlyOnFailureTestExecutionListener@5b11f3dc, org.springframework.boot.test.mock.mockito.ResetMocksTestExecutionListener@92ba70c, org.springframework.boot.test.autoconfigure.web.client.MockRestServiceServerResetTestExecutionListener@6eb399d7, org.springframework.boot.test.mock.mockito.MockitoTestExecutionListener@3935966, org.springframework.boot.test.autoconfigure.web.servlet.WebDriverTestExecutionListener@57c8c5db, org.springframework.boot.test.autoconfigure.restdocs.RestDocsTestExecutionListener@38f0be9]
18:24:42.162 [Test worker] DEBUG org.springframework.test.annotation.ProfileValueUtils - Retrieved @ProfileValueSourceConfiguration [null] for test class [com.example.billing.BillingApplicationTests]
18:24:42.162 [Test worker] DEBUG org.springframework.test.annotation.ProfileValueUtils - Retrieved ProfileValueSource type [class org.springframework.test.annotation.SystemProfileValueSource] for class [com.example.billing.BillingApplicationTests]
18:24:42.164 [Test worker] DEBUG org.springframework.test.annotation.ProfileValueUtils - Retrieved @ProfileValueSourceConfiguration [null] for test class [com.example.billing.BillingApplicationTests]
18:24:42.165 [Test worker] DEBUG org.springframework.test.annotation.ProfileValueUtils - Retrieved ProfileValueSource type [class org.springframework.test.annotation.SystemProfileValueSource] for class [com.example.billing.BillingApplicationTests]
18:24:42.165 [Test worker] DEBUG org.springframework.test.annotation.ProfileValueUtils - Retrieved @ProfileValueSourceConfiguration [null] for test class [com.example.billing.BillingApplicationTests]
18:24:42.166 [Test worker] DEBUG org.springframework.test.annotation.ProfileValueUtils - Retrieved ProfileValueSource type [class org.springframework.test.annotation.SystemProfileValueSource] for class [com.example.billing.BillingApplicationTests]
]]></system-out>
  <system-err><![CDATA[]]></system-err>
</testsuite>
